<?xml version="1.0" encoding="UTF-8"?>
<!-- Generated by org.testng.reporters.JUnitXMLReporter -->
<testsuite ignored="0" hostname="DESKTOP-II0VAI0" failures="0" tests="3" name="Default test" time="22.193" errors="0" timestamp="02 Nov 2019 06:07:49 GMT">
  <testcase classname="Mytestng.product.tc.TC_Login" name="t_01_validate_url_working" time="8.596"/>
  <testcase classname="Mytestng.product.tc.TC_Login" name="t_02_validate_Login_page_object" time="4.522"/>
  <testcase classname="Mytestng.product.tc.TC_Login" name="t_03_fund_transfer" time="0.004"/>
</testsuite> <!-- Default test -->
