<?xml version="1.0" encoding="UTF-8"?>
<testng-results ignored="0" total="3" passed="3" failed="0" skipped="0">
  <reporter-output>
    <line>
      <![CDATA[chrome driver invoke]]>
    </line>
    <line>
      <![CDATA[url - https://parabank.parasoft.com -navigated]]>
    </line>
    <line>
      <![CDATA[URL navigated]]>
    </line>
    <line>
      <![CDATA[login successfully]]>
    </line>
    <line>
      <![CDATA[quit]]>
    </line>
  </reporter-output>
  <suite started-at="2019-11-02T06:07:27Z" name="Default suite" finished-at="2019-11-02T06:07:49Z" duration-ms="22193">
    <groups>
    </groups>
    <test started-at="2019-11-02T06:07:27Z" name="Default test" finished-at="2019-11-02T06:07:49Z" duration-ms="22193">
      <class name="Mytestng.product.tc.TC_Login">
        <test-method is-config="true" signature="beforeSuite()[pri:0, instance:Mytestng.product.tc.TC_Login@6b419da]" started-at="2019-11-02T06:07:27Z" name="beforeSuite" finished-at="2019-11-02T06:07:27Z" duration-ms="31" status="PASS">
          <reporter-output>
          </reporter-output>
        </test-method> <!-- beforeSuite -->
        <test-method is-config="true" signature="beforeClass1()[pri:0, instance:Mytestng.product.tc.TC_Login@6b419da]" started-at="2019-11-02T06:07:27Z" name="beforeClass1" finished-at="2019-11-02T06:07:34Z" duration-ms="7343" status="PASS">
          <reporter-output>
            <line>
              <![CDATA[chrome driver invoke]]>
            </line>
          </reporter-output>
        </test-method> <!-- beforeClass1 -->
        <test-method signature="t_01_validate_url_working()[pri:1, instance:Mytestng.product.tc.TC_Login@6b419da]" started-at="2019-11-02T06:07:34Z" name="t_01_validate_url_working" finished-at="2019-11-02T06:07:43Z" duration-ms="8596" status="PASS">
          <reporter-output>
            <line>
              <![CDATA[url - https://parabank.parasoft.com -navigated]]>
            </line>
          </reporter-output>
        </test-method> <!-- t_01_validate_url_working -->
        <test-method signature="t_02_validate_Login_page_object()[pri:2, instance:Mytestng.product.tc.TC_Login@6b419da]" started-at="2019-11-02T06:07:43Z" name="t_02_validate_Login_page_object" finished-at="2019-11-02T06:07:48Z" duration-ms="4522" status="PASS">
          <reporter-output>
            <line>
              <![CDATA[URL navigated]]>
            </line>
            <line>
              <![CDATA[login successfully]]>
            </line>
          </reporter-output>
        </test-method> <!-- t_02_validate_Login_page_object -->
        <test-method signature="t_03_fund_transfer()[pri:3, instance:Mytestng.product.tc.TC_Login@6b419da]" started-at="2019-11-02T06:07:48Z" name="t_03_fund_transfer" finished-at="2019-11-02T06:07:48Z" duration-ms="4" status="PASS">
          <reporter-output>
          </reporter-output>
        </test-method> <!-- t_03_fund_transfer -->
        <test-method is-config="true" signature="afterClass1()[pri:0, instance:Mytestng.product.tc.TC_Login@6b419da]" started-at="2019-11-02T06:07:48Z" name="afterClass1" finished-at="2019-11-02T06:07:49Z" duration-ms="1648" status="PASS">
          <reporter-output>
            <line>
              <![CDATA[quit]]>
            </line>
          </reporter-output>
        </test-method> <!-- afterClass1 -->
      </class> <!-- Mytestng.product.tc.TC_Login -->
    </test> <!-- Default test -->
  </suite> <!-- Default suite -->
</testng-results>
